listing 1
if(i)
  if(j)  printf("i and j are true");
else printf("i is false");

listing 2
switch(i) {
  case 1: a = 1;
  case 2: a = 2;
    break;
  case 3: a = 3;
    break;
  case 4:
  case 5: a = 5;
}

listing 3
int myarray[20];

listing 4
myarray[1]

listing 5
myarray[0] = 100;

listing 6
int i[5];
int j;

for(j=0; j<5; j++) i[j] = j;

listing 7
#include <stdio.h>

int main(void)
{
  int sqrs[10];
  int i;

  for(i=1; i<11; i++) sqrs[i-1] = i*i;

  for(i=0; i<10; i++) printf("%d ", sqrs[i]);

  return 0;
}

listing 8
scanf("%d", &count[9]);

listing 9
char a1[10], a2[10];
.
.
.
a2 = a1; /* this is wrong */

listing 10
#include <stdio.h>

int main(void)
{
  int temp[31], i, min, max, avg;
  int days;

  printf("How many days in the month? ");
  scanf("%d", &days);

  for(i=0; i<days; i++) {
    printf("Enter noonday temperature for day %d: ", i+1);
    scanf("%d", &temp[i]);
  }

  /* find average */
  avg = 0;
  for(i=0; i<days; i++) avg = avg + temp[i];
  printf("Average temperature: %d\n", avg/days);

  /* find min and max */
  min = 200;  /* initialize min and max */
  max = 0;
  for(i=0; i<days; i++) {
    if(min>temp[i]) min = temp[i];
    if(max<temp[i]) max = temp[i];
  }

  printf("Minimum temperature: %d\n", min);
  printf("Maximum temperature: %d\n", max);

  return 0;
}

listing 11
#include <stdio.h>

int main(void)
{
  int a1[10], a2[10];
  int i;

  for(i=1; i<11; i++) a1[i-1] = i;

  for(i=0; i<10; i++) a2[i] = a1[i];

  for(i=0; i<10; i++) printf("%d ", a2[i]);

  return 0;
}

listing 12
#include <stdio.h>
#include <conio.h>

int main(void)
{
  char mess[80];
  int i;

  printf("Enter message (less than 80 characters)\n");
  for(i=0; i<80; i++) {
    mess[i] = getche();
    if(mess[i]=='\r') break;
  }
  printf("\n");

  for(i=0; mess[i]!='\r'; i++) printf("%c", mess[i]+1);

  return 0;
}

listing 13
#include <stdio.h>
#include <stdlib.h>

int main(void)
{
  int item[100];
  int a, b, t;
  int count;

  /* read in numbers */
  printf("How many numbers? ");
  scanf("%d", &count);
  for(a=0; a<count; a++) scanf("%d", &item[a]);

  /* now, sort them using a bubble sort */
  for(a=1; a<count; ++a)
    for(b=count-1; b>=a; --b) {
      /* compare adjacent elements */
      if(item[b-1] > item[b]) {
        /* exchange elements */
        t = item[b-1];
        item[b-1] = item[b];
        item[b] = t;
      }
    }

  /* display sorted list */
  for(t=0; t<count; t++) printf("%d ", item[t]);

  return 0;
}

listing 14
#include <stdio.h>

int main(void)
{
  int i, count[10];

  for(i=0; i<100; i++) {
    printf("Enter a number: ");
    scanf("%d", &count[i]);
  }
.
.
.

listing 15
#include <stdio.h>

int main(void)
{
  char str[80];
  int i;

  printf("Enter a string (less than 80 chars): ");
  gets(str);
  for(i=0; str[i]; i++) printf("%c", str[i]);

  return 0;
}

listing 16
#include <stdio.h>

int main(void)
{
  char str[80];

  printf("Enter a string (less than 80 chars): ");
  gets(str);
  printf(str); /* output the string */

  return 0;
}

listing 17
printf("%s\n", str);

listing 18
char str[80];

strcpy(str, "hello");
printf("%s", str);

listing 19
char str[80];

strcpy(str, "hello");
strcat(str, " there");
printf(str);

listing 20
printf("%d", strcmp("one", "one"));

listing 21
#include <string.h>
#include <stdio.h>

int main(void)
{
  char str1[80], str2[80];
  int i;

  printf("Enter the first string: ");
  gets(str1);
  printf("Enter the second string: ");
  gets(str2);

  /* see how long the strings are */
  printf("%s is %d chars long\n", str1, strlen(str1));
  printf("%s is %d chars long\n", str2, strlen(str2));

  /* compare the strings */
  i = strcmp(str1, str2);
  if(!i) printf("The strings are equal.\n");
  else if(i<0) printf("%s is less than %s\n", str1, str2);
  else printf("%s is greater than %s\n", str1, str2);

  /* concatenate str2 to end of str1 if
     there is enough room */
  if(strlen(str1) + strlen(str2) < 80) {
    strcat(str1, str2);
    printf("%s\n", str1);
  }

  /* copy str2 to str1 */
  strcpy(str1, str2);
  printf("%s %s\n", str1, str2);

  return 0;
}

listing 22
#include <stdlib.h>
#include <stdio.h>
#include <string.h>

int main(void)
{
  char command[80], temp[80];
  int i, j;

  for( ; ; ) {
    printf("Operation? ");
    gets(command);

    /* see if user wants to stop */
    if(!strcmp(command, "quit")) break;

    printf("Enter first number: ");
    gets(temp);
    i = atoi(temp);

    printf("Enter second number: ");
    gets(temp);
    j = atoi(temp);

    /*  now, perform the operation */
    if(!strcmp(command, "add"))
      printf("%d\n", i+j);
    else if(!strcmp(command, "subtract")) 
      printf("%d\n", i-j);
    else if(!strcmp(command, "divide")) {
      if(j) printf("%d\n", i/j);
    }
    else if(!strcmp(command, "multiply"))
      printf("%d\n", i*j);
    else printf("Unknown command. \n");
  }

  return 0;
}

listing 23
strcpy(str, "");

listing 24
#include <string.h>
#include <stdio.h>

int main(void)
{
  char str[5];

  strcpy(str, "this is a test");
  printf(str);

  return 0;
}

listing 25
int count[10][12];

listing 26
#include <stdio.h>

int main(void)
{
  int twod[4][5];
  int i, j;

  for(i=0; i<4; i++)
    for(j=0; j<5; j++)
      twod[i][j] = i*j;

  for(i=0; i<4; i++) {
    for(j=0; j<5; j++)
      printf("%d ", twod[i][j]);
    printf("\n");
  }

  return 0;
}

listing 27
float values[10][12][8];

listing 28
float yeartemp[12][31];

listing 29
#include <stdio.h>

int main(void)
{
  int bball[4][5];
  int i, j;

  for(i=0; i<4; i++)
    for(j=0; j<5; j++) {
      printf("Quarter %d, player %d, ", i+1, j+1);
      printf("Enter number of points: ");
      scanf("%d", &bball[i][j]);
    }

  /* display results */
  for(i=0; i<4; i++)
    for(j=0; j<5; j++) {
      printf("Quarter %d, player %d, ", i+1, j+1);
      printf("%d\n", bball[i][j]);
    }

  return 0;
}

listing 30
int i[5] = {1, 4, 9, 16, 25};

listing 31
char a[3] = {'A', 'B', 'C'};

listing 32
char name[5] = "Herb";

listing 33
int  sqr[3][3] = {
  1, 2, 3,
  4, 5, 6,
  7, 8, 9
};

listing 34
int pwr[] = {1, 2, 4, 8, 16, 32, 64, 128};

listing 35
char prompt[] = "Enter your name: ";

listing 36
int sqr[][3] = {
  1, 2, 3,
  4, 5, 6, 
  7, 8, 9
};

listing 37
#include <stdio.h>

int main(void)
{
  int ServerUsers[5][2] = {
    1, 14,
    2, 28,
    3, 19,
    4, 8,
    5, 15
  };

  int server;
  int i;

  printf("Enter the server number: ");
  scanf("%d", &server);

  /* look it up in the table */
  for(i=0; i<5; i++)
    if(server == ServerUsers[i][0]) {
      printf("There are %d users on server %d.\n",
             ServerUsers[i][1], server);
      break;
    }

  /* report error if not found */
  if(i==5) printf("Server not listed.\n");

  return 0;
}

listing 38
#include <stdio.h>
#include <string.h>

int main(void)
{
  char str[80] = "I like C";

  strcpy(str, "hello");
  printf(str);

  return 0;
}

listing 39
int balance[] = 10.0, 122.23, 100.0;

listing 40
#include <stdio.h>
#include <string.h>

int main(void)
{
  char name[] = "Tom";

  strcpy(name, "Tom Brazwell");

listing 41
char names[10][40];

listing 42
gets(names[2]);

listing 43
printf(names[0]);

listing 44
char animals[3][5][80];

listing 45
#include <stdio.h>

int main(void)
{
  char text[10][80];
  int i;

  for(i=0; i<10; i++) {
    printf("%d: ", i+1);
    gets(text[i]);
  }

  do {
    printf("Enter number of string (1-10) : ");
    scanf("%d", &i);
    i--;  /* adjust value to match array index */
    if(i>=0 && i<10) printf("%s\n", text[i]);
  } while(i>=0);

  return 0;
}

listing 46
/* English-to-German Translator. */

#include <stdio.h>
#include <string.h>

char words[][2][40] = {
  "dog", "Hund",
  "no", "nein",
  "year", "Jahr",
  "child", "Kind",
  "I",  "Ich",
  "drive", "fahren",
  "house", "Haus",
  "to", "zu",
  "",""
};

int main(void)
{
  char english[80];
  int i;

  printf("Enter English word: ");
  gets(english);

  /* look up the word */
  i = 0;
  /* search while null string not yet encountered */
  while(strcmp(words[i][0], "")) {
    if(!strcmp(english, words[i][0])) {
      printf("German translation: %s", words[i][1]);
      break;
    }
    i++;
  }
  if(!strcmp(words[i][0], ""))
    printf("Not in dictionary\n");

  return 0;
}

listing 47
#include <stdio.h>

int main(void)
{
  char text[][80] = {
    "When", "in", "the",
    "course", "of", "human",
    "events", ""
  };

  int i, j;

  /* now, display them */
  for(i=0; text[i][0]; i++) {
    for(j=0; text[i][j]; j++)
      printf("%c", text[i][j]);
    printf(" ");
  }

  return 0;
}

listing 48
int count[10];

listing 49
for(i=0; i<20; i++) count[i] = i;

listing 50
char str[80];
str = getchar();

