listing 1
count = count + 1;

listing 2
#include <stdio.h>

int main(void)
{
  char ch;

  ch = getchar(); /* read a char */
  printf(" you typed: %c", ch);

  return 0;
}

listing 3
ch = getchar();
if(ch < 'f') printf("character is less than f");

listing 4
#include <conio.h>
#include <stdio.h>

int main(void)
{
  char ch;

  printf("Enter a character: ");
  ch = getche();
  printf("\nIts ASCII code is %d", ch);

  return 0;
}

listing 5
#include <stdio.h>

int main(void)
{
  int a, b;
  char ch;

  printf("Do you want to:\n");
  printf("Add, Subtract, Multiply, or Divide?\n");
  printf("Enter first letter: ");
  ch = getchar();
  printf("\n");

  printf("Enter first number: ");
  scanf("%d", &a);
  printf("Enter second number: ");
  scanf("%d", &b);

  if(ch=='A') printf("%d", a+b);
  if(ch=='S') printf("%d", a-b);
  if(ch=='M') printf("%d", a*b);
  if(ch=='D' && b!=0) printf("%d", a/b);

  return 0;
}

listing 6
printf("Do you wish to continue? (Y/N : ");
ch = getche();
if(ch=='Y') {
  /* continue with something */
  .
  .
  .
}

listing 7
if(count > max) /* outer if */
  if(error) printf("Error, try again."); /* nested if */

listing 8
if(p)
  if(q) printf("a and b are true");
else printf("To which statement does this else apply?");

listing 9
#include <stdio.h>

int main(void)
{
  int a, b;
  char ch;

  printf("Do you want to:\n");
  printf("Add, Subtract, Multiply, or Divide?\n");
  printf("Enter first letter: ");
  ch = getchar();
  printf("\n");

  printf("Enter first number: ");
  scanf("%d", &a);
  printf("Enter second number: ");
  scanf("%d", &b);

  if(ch=='A') printf("%d", a+b);
  else if(ch=='S') printf("%d", a-b);
  else if(ch=='M') printf("%d", a*b);
  else if(ch=='D' && b!=0) printf("%d", a/b);

  return 0;
}

listing 10
#include <stdio.h>

int main(void)
{
  int answer, count;
  int again;

  for(count=1; count<11; count++) {
    printf("What is %d + %d? ", count, count);
    scanf("%d", &answer);

    if(answer == count+count) printf("Right!\n");
    else {
      printf("Sorry, you're wrong\n");
      printf("Try again.\n ");

      printf("\nWhat is %d + %d? ", count, count);
      scanf("%d", &answer);

      /* nested if */
      if(answer == count+count) printf("Right!\n");
      else
        printf("Wrong, the answer is %d\n", count+count);
    }
  }
  return 0;
}

listing 11
if(ch=='S') { /* first if */
  printf("Enter a number: ");
  scanf("%d", &y);

  /* second if */
  if(y) printf("Its square is %d.", y*y);
}
else printf("Make next selection.");

listing 12
#include <stdio.h>
#include <conio.h>

int main(void)
{
  int i;
  char ch;

  ch = 'a'; /* give ch an initial value */

  for(i=0; ch != 'q'; i++) {
    printf("pass: %d\n", i);
    ch = getche();
  }

  return 0;
}

listing 13
#include <stdio.h>

int main(void)
{
  int i;

  printf("Enter an integer: ");
  scanf("%d", &i);

  for(; i; i--) printf("%d ", i);

  return 0;
}

listing 14
#include <stdio.h>
#include <conio.h>

int main(void)
{
  char ch;

  for(ch=getche(); ch!='q'; ch=getche());
  printf("Found the q.");

  return 0;
}

listing 15
for( ; ; ) {
  .
  .
  .
}

listing 16
#include <stdio.h>

int main(void)
{
  int i;

  for(i=0; i<10; ) {
    printf("%d ", i);
    i++;
  }

  return 0;
}

listing 17
#include <stdio.h>
#include <conio.h>

int main(void)
{
  char ch;

  ch = getche();

  while(ch!='q') ch = getche();
  printf("Found the q.");

  return 0;
}

listing 18
#include <stdio.h>
#include <conio.h>

int main(void)
{
  char ch;

  printf("Enter your message.\n");

  ch = getche();
  while(ch != '\r') {
    printf("%c", ch+1);
    ch = getche();
  }

  return 0;
}

listing 19
#include <stdio.h>

int main(void)
{
  int a, b;
  char ch;

  printf("Do you want to:\n");
  printf("Add, Subtract, Multiply, or Divide?\n");

  /* force user to enter a valid response */
  do {
    printf("Enter first letter: ");
    ch = getchar();
  } while(ch!='A' && ch!='S' && ch!='M' && ch!='D');
  printf("\n");

  printf("Enter first number: ");
  scanf("%d", &a);
  printf("Enter second number: ");
  scanf("%d", &b);

  if(ch=='A') printf("%d", a+b);
  else if(ch=='S') printf("%d", a-b);
  else if(ch=='M') printf("%d", a*b);
  else if(ch=='D' && b!=0) printf("%d", a/b);

  return 0;
}

listing 20
#include <stdio.h>
#include <conio.h>

int main(void)
{
  char ch;

  do {
    ch = getche();
  } while(ch!='q');

  printf("Found the q.");

  return 0;
}

listing 21
for(i=0; i<10; i++) {
  for(j=1; j<11; j++) printf("%d ", j); /* nested loop */
  printf("\n");
}

listing 22
#include <stdio.h>

int main(void)
{
  int answer, count, chances, right;

  for(count=1; count<11; count++) {
    printf("What is %d + %d?", count, count);
    scanf("%d", &answer);

    if(answer == count+count) printf("Right!\n");
    else {
      printf("Sorry, you're wrong.\n");
      printf("Try again.\n");

      right = 0;
      /* nested for */
      for(chances=0; chances<3 && !right; chances++) {
        printf("What is %d + %d? ", count, count);
        scanf("%d", &answer);

        if(answer == count+count) {
          printf("Right!\n");
          right = 1;
        }
      }

      /* if answer still wrong, tell user */
      if(!right)
        printf("The answer is %d.\n", count+count);
    }
  }

  return 0;
}

listing 23
#include <stdio.h>

int main(void)
{
  int i, j, k;
  for(i=0; i<3; i++)
    for(j=0; j<26; j++)
      for(k=0; k<2; k++) printf("%c", 'A'+j);

  return 0;
}

listing 24
printf("%c", 'A'+j);

listing 25
#include <stdio.h>

int main(void)
{
  int i;

  for(i=1; i<100; i++) {
    printf("%d ", i);
    if(i==10) break; /* exit the loop */
  }

  return 0;
}

listing 26
#include <stdio.h>
#include <conio.h>

int main(void)
{
  int i;
  char ch;

  /* display all numbers which are multiples of 6 */
  for(i=1; i<10000; i++) {
    if(!(i%6)) {
      printf("%d, more? (Y/N)", i);
      ch = getche();
      if(ch=='N') break; /* stop the loop */
      printf("\n");
    }
  }

  return 0;
}

listing 27
#include <stdio.h>

int main(void)
{
  int i, j;

  for(i=0; i<5; i++) {
    for(j=0; j<100; j++) {
      printf("%d", j);
      if(j==5) break;
    }
    printf("\n");
  }

  return 0;
}

listing 28
do {
  printf("Load, Save, Edit, Quit?\n");
  do {
    printf("Enter your selection: ");
    ch = getchar();
  } while(ch!='L' && ch!='S' && ch!='E' && ch!='Q');

  if(ch != 'Q') {
    /* do something */
  }

  if(ch != 'Q') {
    /* do something else*/
  }
  /* etc. */
} while(ch != 'Q')

listing 29
for( ; ; ) { /* infinite for loop */
  printf("Load, Save, Edit, Quit?\n");
  do {
    printf ("Enter your selection: ");
    ch = getchar();
  } while(ch!='L' && ch!='S' && ch!='E' && ch!='Q');

  if(ch == 'Q') break;

  /* do something */
  /* do something else */
  /* etc. */
}

listing 30
#include <stdio.h>

int main(void)
{
  int x;

  for(x=0; x<100; x++) {
    continue;
    printf("%d ", x); /* this is never executed */
  }

  return 0;
}

listing 31
#include <stdio.h>

int main(void)
{
  int total, i, j;

  total = 0;
  do {
    printf("Enter next number (0 to stop): ");
    scanf("%d", &i);
    printf("Enter number again: ");
    scanf("%d", &j);
    if(i != j) {
      printf("Mismatch\n");
      continue;
    }
    total = total + i;
  } while(i);

  printf("Total is %d\n", total);

  return 0;
}


listing 32
for(i=1; i<101; i++) . . .

listing 33
#include <stdio.h>

int main(void)
{
  int i;

  printf("Enter a number between 1 and 4: ");
  scanf("%d", &i);

  switch(i) {
    case 1:
      printf("one");
      break;
    case 2:
      printf("two");
      break;
    case 3:
      printf("three");
      break;
    case 4:
      printf("four");
      break;
    default:
      printf("Unrecognized Number");
  }

  return 0;
}

listing 34
switch(a) {
  case 1:
    switch(b) {
      case 0: printf("b is false");
              break;
      case 1: printf("b is true");
    }
    break;
  case 2:
   .
   .
   .

listing 35
#include <stdio.h>

int main(void)
{
  int a, b;
  char ch;

  printf("Do you want to:\n");
  printf("Add, Subtract, Multiply, or Divide?\n");
  /* force user to enter a valid response */
  do {
    printf("Enter first letter: ");
    ch = getchar();
  } while(ch!='A' && ch!='S' && ch!='M' && ch!='D');
  printf("\n");

  printf("Enter first number: ");
  scanf("%d", &a);
  printf("Enter second number: ");
  scanf("%d", &b);

  switch(ch) {
    case 'A': printf("%d", a+b);
      break;
    case 'S': printf("%d", a-b);
      break;
    case 'M': printf("%d", a*b);
      break;
    case 'D': if(b!=0) printf("%d", a/b);
  }

  return 0;
}

listing 36
#include <stdio.h>
#include <conio.h>

int main(void)
{
  char ch;

  do {
    printf("\nEnter a character, q to quit: ");
    ch = getche();
    printf("\n");

    switch(ch) {
      case 'a':
        printf("Now is ");
      case 'b':
        printf("the time ");
      case 'c':
        printf("for all good men");
        break;
      case 'd':
        printf("The summer ");
      case 'e':
        printf("soldier ");
   }
  } while(ch != 'q');

  return 0;
}

listing 37
#include <stdio.h>
#include <conio.h>

int main(void)
{
  char ch;

  printf("Enter the letter: ");
  ch = getche();

  switch(ch) {
    case 'a':
    case 'e':
    case 'i':
    case 'o':
    case 'u':
    case 'y':
      printf(" is a vowel\n");
      break;
    default:
      printf(" is a consonant");
  }

  return 0;
}

listing 38
float f;

scanf("%f", &f);

switch(f) {
  case 10.05:
.
.
.

listing 39
goto mylabel;
printf("This will not print.");
mylabel: printf("This will print.");

listing 40
#include <stdio.h>

int main(void)
{
  int i;

  i = 1;
  again:
    printf("%d ", i);
    i++;
    if(i<10) goto again;

  return 0;
}

listing 41
char ch;

ch = 'x';
for( ; ch != ' ' ; ) ch = getche();

listing 42
switch(i) {
  case 1: printf("nickel");
    break;
  case 2: printf("dime");
    break;
  case 3: printf("quarter");
}

listing 43
goto alldone;
.
.
.
alldone

listing 44
#include <stdio.h>

int main(void)
{
  int i, j, k;

  for(k=0; k<10; k=k+1) {
    printf("Enter first number: ");
    scanf("%d", &i);

    printf("Enter second number: ");
    scanf("%d", &j);

    if(j != 0) printf("%d\n", i/j);
    if(j == 0) printf("cannot divide by zero\n");
  }

  return 0;
}

